2023-04-01 19:48:54,944 INFO  StartupInfoLogger:55 - [] Starting ElectronicStoreApplicationTests using Java 17.0.4 on LAPTOP-LGNLSGNE with PID 7040 (started by Shree in D:\1_intellij\ElectronicStore)
2023-04-01 19:48:54,949 INFO  SpringApplication:637 - [] The following 1 profile is active: "dev"
2023-04-01 19:48:56,284 INFO  RepositoryConfigurationDelegate:132 - [] Bootstrapping Spring Data JPA repositories in DEFAULT mode.
2023-04-01 19:48:56,415 INFO  RepositoryConfigurationDelegate:201 - [] Finished Spring Data repository scanning in 109 ms. Found 2 JPA repository interfaces.
2023-04-01 19:48:57,564 INFO  LogHelper:31 - [] HHH000204: Processing PersistenceUnitInfo [name: default]
2023-04-01 19:48:57,651 INFO  Version:44 - [] HHH000412: Hibernate ORM core version 5.6.15.Final
2023-04-01 19:48:57,966 INFO  JavaReflectionManager:56 - [] HCANN000001: Hibernate Commons Annotations {5.1.2.Final}
2023-04-01 19:48:58,352 INFO  HikariDataSource:110 - [] HikariPool-1 - Starting...
2023-04-01 19:48:59,053 INFO  HikariDataSource:123 - [] HikariPool-1 - Start completed.
2023-04-01 19:48:59,081 INFO  Dialect:175 - [] HHH000400: Using dialect: org.hibernate.dialect.MySQL57Dialect
2023-04-01 19:49:00,439 INFO  JtaPlatformInitiator:52 - [] HHH000490: Using JtaPlatform implementation: [org.hibernate.engine.transaction.jta.platform.internal.NoJtaPlatform]
2023-04-01 19:49:00,472 INFO  AbstractEntityManagerFactoryBean:437 - [] Initialized JPA EntityManagerFactory for persistence unit 'default'
2023-04-01 19:49:01,840 WARN  JpaBaseConfiguration$JpaWebConfiguration:223 - [] spring.jpa.open-in-view is enabled by default. Therefore, database queries may be performed during view rendering. Explicitly configure spring.jpa.open-in-view to disable this warning
2023-04-01 19:49:02,885 INFO  StartupInfoLogger:61 - [] Started ElectronicStoreApplicationTests in 8.55 seconds (JVM running for 10.503)
2023-04-01 19:49:03,302 INFO  AbstractEntityManagerFactoryBean:651 - [] Closing JPA EntityManagerFactory for persistence unit 'default'
2023-04-01 19:49:03,306 INFO  HikariDataSource:350 - [] HikariPool-1 - Shutdown initiated...
2023-04-01 19:49:03,328 INFO  HikariDataSource:352 - [] HikariPool-1 - Shutdown completed.
2023-04-01 19:51:47,390 INFO  StartupInfoLogger:55 - [] Starting ElectronicStoreApplication using Java 17.0.4 on LAPTOP-LGNLSGNE with PID 12348 (D:\1_intellij\ElectronicStore\target\classes started by Shree in D:\1_intellij\ElectronicStore)
2023-04-01 19:51:47,397 INFO  SpringApplication:637 - [] The following 1 profile is active: "dev"
2023-04-01 19:51:48,740 INFO  RepositoryConfigurationDelegate:132 - [] Bootstrapping Spring Data JPA repositories in DEFAULT mode.
2023-04-01 19:51:48,876 INFO  RepositoryConfigurationDelegate:201 - [] Finished Spring Data repository scanning in 108 ms. Found 2 JPA repository interfaces.
2023-04-01 19:51:50,064 INFO  TomcatWebServer:108 - [] Tomcat initialized with port(s): 7894 (http)
2023-04-01 19:51:50,087 INFO  DirectJDKLog:173 - [] Starting service [Tomcat]
2023-04-01 19:51:50,088 INFO  DirectJDKLog:173 - [] Starting Servlet engine: [Apache Tomcat/9.0.71]
2023-04-01 19:51:50,305 INFO  DirectJDKLog:173 - [] Initializing Spring embedded WebApplicationContext
2023-04-01 19:51:50,306 INFO  ServletWebServerApplicationContext:292 - [] Root WebApplicationContext: initialization completed in 2812 ms
2023-04-01 19:51:50,567 INFO  LogHelper:31 - [] HHH000204: Processing PersistenceUnitInfo [name: default]
2023-04-01 19:51:50,653 INFO  Version:44 - [] HHH000412: Hibernate ORM core version 5.6.15.Final
2023-04-01 19:51:50,929 INFO  JavaReflectionManager:56 - [] HCANN000001: Hibernate Commons Annotations {5.1.2.Final}
2023-04-01 19:51:51,152 INFO  HikariDataSource:110 - [] HikariPool-1 - Starting...
2023-04-01 19:51:51,747 INFO  HikariDataSource:123 - [] HikariPool-1 - Start completed.
2023-04-01 19:51:51,777 INFO  Dialect:175 - [] HHH000400: Using dialect: org.hibernate.dialect.MySQL57Dialect
2023-04-01 19:51:52,978 INFO  JtaPlatformInitiator:52 - [] HHH000490: Using JtaPlatform implementation: [org.hibernate.engine.transaction.jta.platform.internal.NoJtaPlatform]
2023-04-01 19:51:52,996 INFO  AbstractEntityManagerFactoryBean:437 - [] Initialized JPA EntityManagerFactory for persistence unit 'default'
2023-04-01 19:51:53,794 WARN  JpaBaseConfiguration$JpaWebConfiguration:223 - [] spring.jpa.open-in-view is enabled by default. Therefore, database queries may be performed during view rendering. Explicitly configure spring.jpa.open-in-view to disable this warning
2023-04-01 19:51:54,355 INFO  TomcatWebServer:220 - [] Tomcat started on port(s): 7894 (http) with context path ''
2023-04-01 19:51:54,372 INFO  StartupInfoLogger:61 - [] Started ElectronicStoreApplication in 7.899 seconds (JVM running for 8.752)
2023-04-01 19:53:28,675 INFO  DirectJDKLog:173 - [] Initializing Spring DispatcherServlet 'dispatcherServlet'
2023-04-01 19:53:28,675 INFO  FrameworkServlet:525 - [] Initializing Servlet 'dispatcherServlet'
2023-04-01 19:53:28,678 INFO  FrameworkServlet:547 - [] Completed initialization in 2 ms
2023-04-01 19:53:28,775 INFO  UserController:69 - [] Entering the request for getAllUsers 
2023-04-01 19:53:28,776 INFO  UserServiceImpl:103 - [] Initiating the dao call for the get all users data
2023-04-01 19:53:29,364 INFO  UserServiceImpl:111 - [] Completed the dao call for the get all users data
2023-04-01 19:53:29,365 INFO  UserController:71 - [] Completed the request for getAllUsers
2023-04-01 19:53:29,374 INFO  UserServiceImpl:103 - [] Initiating the dao call for the get all users data
2023-04-01 19:53:29,406 INFO  UserServiceImpl:111 - [] Completed the dao call for the get all users data
2023-04-01 20:44:09,192 WARN  HikariPool$HouseKeeper:788 - [] HikariPool-1 - Thread starvation or clock leap detected (housekeeper delta=15m15s299ms578µs600ns).
2023-04-01 20:53:48,697 INFO  AbstractEntityManagerFactoryBean:651 - [] Closing JPA EntityManagerFactory for persistence unit 'default'
2023-04-01 20:53:48,701 INFO  HikariDataSource:350 - [] HikariPool-1 - Shutdown initiated...
2023-04-01 20:53:48,717 INFO  HikariDataSource:352 - [] HikariPool-1 - Shutdown completed.
2023-04-01 21:11:31,916 INFO  StartupInfoLogger:55 - [] Starting ElectronicStoreApplication using Java 17.0.4 on LAPTOP-LGNLSGNE with PID 5688 (D:\1_intellij\ElectronicStore\target\classes started by Shree in D:\1_intellij\ElectronicStore)
2023-04-01 21:11:31,921 INFO  SpringApplication:637 - [] The following 1 profile is active: "dev"
2023-04-01 21:11:32,745 INFO  RepositoryConfigurationDelegate:132 - [] Bootstrapping Spring Data JPA repositories in DEFAULT mode.
2023-04-01 21:11:32,824 INFO  RepositoryConfigurationDelegate:201 - [] Finished Spring Data repository scanning in 65 ms. Found 2 JPA repository interfaces.
2023-04-01 21:11:33,528 INFO  TomcatWebServer:108 - [] Tomcat initialized with port(s): 7894 (http)
2023-04-01 21:11:33,537 INFO  DirectJDKLog:173 - [] Starting service [Tomcat]
2023-04-01 21:11:33,538 INFO  DirectJDKLog:173 - [] Starting Servlet engine: [Apache Tomcat/9.0.71]
2023-04-01 21:11:33,688 INFO  DirectJDKLog:173 - [] Initializing Spring embedded WebApplicationContext
2023-04-01 21:11:33,688 INFO  ServletWebServerApplicationContext:292 - [] Root WebApplicationContext: initialization completed in 1695 ms
2023-04-01 21:11:33,860 INFO  LogHelper:31 - [] HHH000204: Processing PersistenceUnitInfo [name: default]
2023-04-01 21:11:33,910 INFO  Version:44 - [] HHH000412: Hibernate ORM core version 5.6.15.Final
2023-04-01 21:11:34,067 INFO  JavaReflectionManager:56 - [] HCANN000001: Hibernate Commons Annotations {5.1.2.Final}
2023-04-01 21:11:34,170 INFO  HikariDataSource:110 - [] HikariPool-1 - Starting...
2023-04-01 21:11:34,543 INFO  HikariDataSource:123 - [] HikariPool-1 - Start completed.
2023-04-01 21:11:34,557 INFO  Dialect:175 - [] HHH000400: Using dialect: org.hibernate.dialect.MySQL57Dialect
2023-04-01 21:11:35,282 INFO  JtaPlatformInitiator:52 - [] HHH000490: Using JtaPlatform implementation: [org.hibernate.engine.transaction.jta.platform.internal.NoJtaPlatform]
2023-04-01 21:11:35,296 INFO  AbstractEntityManagerFactoryBean:437 - [] Initialized JPA EntityManagerFactory for persistence unit 'default'
2023-04-01 21:11:35,800 WARN  JpaBaseConfiguration$JpaWebConfiguration:223 - [] spring.jpa.open-in-view is enabled by default. Therefore, database queries may be performed during view rendering. Explicitly configure spring.jpa.open-in-view to disable this warning
2023-04-01 21:11:36,189 INFO  TomcatWebServer:220 - [] Tomcat started on port(s): 7894 (http) with context path ''
2023-04-01 21:11:36,201 INFO  StartupInfoLogger:61 - [] Started ElectronicStoreApplication in 4.81 seconds (JVM running for 5.326)
2023-04-01 21:11:40,846 INFO  DirectJDKLog:173 - [] Initializing Spring DispatcherServlet 'dispatcherServlet'
2023-04-01 21:11:40,847 INFO  FrameworkServlet:525 - [] Initializing Servlet 'dispatcherServlet'
2023-04-01 21:11:40,848 INFO  FrameworkServlet:547 - [] Completed initialization in 1 ms
2023-04-01 21:11:40,886 INFO  UserController:69 - [] Entering the request for getAllUsers 
2023-04-01 21:11:40,886 INFO  UserServiceImpl:103 - [] Initiating the dao call for the get all users data
2023-04-01 21:11:41,093 INFO  UserServiceImpl:111 - [] Completed the dao call for the get all users data
2023-04-01 21:11:41,093 INFO  UserController:71 - [] Completed the request for getAllUsers
2023-04-01 21:11:41,097 INFO  UserServiceImpl:103 - [] Initiating the dao call for the get all users data
2023-04-01 21:11:41,108 INFO  UserServiceImpl:111 - [] Completed the dao call for the get all users data
2023-04-01 21:18:43,879 INFO  AbstractEntityManagerFactoryBean:651 - [] Closing JPA EntityManagerFactory for persistence unit 'default'
2023-04-01 21:18:43,881 INFO  HikariDataSource:350 - [] HikariPool-1 - Shutdown initiated...
2023-04-01 21:18:43,890 INFO  HikariDataSource:352 - [] HikariPool-1 - Shutdown completed.
